<?xml version="1.0" encoding="UTF-8"?>
<!-- Generated by org.testng.reporters.JUnitReportReporter -->
<testsuite hostname="LAPTOP-DK38VD03" failures="0" tests="2" name="restassuredPetScripts1.AssignmentDemo002" time="5.038" errors="0" timestamp="2023-11-10T20:17:11 IST" skipped="0">
  <testcase classname="restassuredPetScripts1.AssignmentDemo002" name="assignment002Post" time="3.426"/>
  <system-out/>
  <testcase classname="restassuredPetScripts1.AssignmentDemo002" name="assignment002Put" time="1.612"/>
  <system-out/>
</testsuite> <!-- restassuredPetScripts1.AssignmentDemo002 -->
