<?xml version="1.0" encoding="UTF-8"?>
<!-- Generated by org.testng.reporters.JUnitReportReporter -->
<testsuite hostname="LAPTOP-DK38VD03" failures="0" tests="1" name="restassuredPetScripts1.AssignmentDemo004" time="2.837" errors="0" timestamp="2023-11-10T20:33:48 IST" skipped="0">
  <testcase classname="restassuredPetScripts1.AssignmentDemo004" name="assignment004login" time="2.837"/>
  <system-out/>
</testsuite> <!-- restassuredPetScripts1.AssignmentDemo004 -->
