<?xml version="1.0" encoding="UTF-8"?>
<!-- Generated by org.testng.reporters.JUnitReportReporter -->
<testsuite hostname="LAPTOP-DK38VD03" failures="0" tests="3" name="restassuredPetScripts1.AssignmentDemo001" time="5.990" errors="0" timestamp="2023-11-10T20:33:00 IST" skipped="0">
  <testcase classname="restassuredPetScripts1.AssignmentDemo001" name="assignment001post" time="2.839"/>
  <system-out/>
  <testcase classname="restassuredPetScripts1.AssignmentDemo001" name="assignment001Get" time="1.712"/>
  <system-out/>
  <testcase classname="restassuredPetScripts1.AssignmentDemo001" name="assignment001Delete" time="1.439"/>
  <system-out/>
</testsuite> <!-- restassuredPetScripts1.AssignmentDemo001 -->
