<?xml version="1.0" encoding="UTF-8"?>
<!-- Generated by org.testng.reporters.JUnitReportReporter -->
<testsuite hostname="LAPTOP-DK38VD03" failures="0" tests="1" name="restassuredPetScripts1.AssignmentDemo005" time="3.409" errors="0" timestamp="2023-11-10T20:28:47 IST" skipped="0">
  <testcase classname="restassuredPetScripts1.AssignmentDemo005" name="assignment005FindByStatus" time="3.409"/>
  <system-out/>
</testsuite> <!-- restassuredPetScripts1.AssignmentDemo005 -->
